<?xml version="1.0" encoding="UTF-8"?>
<testng-results skipped="0" failed="0" total="2" passed="2">
  <reporter-output>
  </reporter-output>
  <suite name="Suite" duration-ms="174714" started-at="2017-08-17T14:23:37Z" finished-at="2017-08-17T14:26:32Z">
    <groups>
    </groups>
    <test name="find a flight" duration-ms="174714" started-at="2017-08-17T14:23:37Z" finished-at="2017-08-17T14:26:32Z">
      <class name="FindAFlight">
        <test-method status="PASS" signature="findAFlightTest()[pri:0, instance:FindAFlight@26be92ad]" name="findAFlightTest" duration-ms="73722" started-at="2017-08-17T19:55:18Z" finished-at="2017-08-17T19:56:32Z">
          <reporter-output>
          </reporter-output>
        </test-method> <!-- findAFlightTest -->
      </class> <!-- FindAFlight -->
      <class name="Login">
        <test-method status="PASS" signature="loginTest()[pri:0, instance:Login@7823a2f9]" name="loginTest" duration-ms="100963" started-at="2017-08-17T19:53:37Z" finished-at="2017-08-17T19:55:18Z">
          <reporter-output>
          </reporter-output>
        </test-method> <!-- loginTest -->
      </class> <!-- Login -->
    </test> <!-- find a flight -->
  </suite> <!-- Suite -->
</testng-results>
